[2024-04-04 09:34:38:693091][restartedMain] DEBUG o.s.w.s.m.m.a.RequestMappingHandlerMapping - 51 mappings in 'requestMappingHandlerMapping'
[2024-04-04 09:34:38:693103][restartedMain] DEBUG o.s.w.s.h.SimpleUrlHandlerMapping - Patterns [/webjars/**, /**, /imgs/**, /logs/**] in 'resourceHandlerMapping'
[2024-04-04 09:34:38:693105][restartedMain] DEBUG o.s.w.s.m.m.a.RequestMappingHandlerAdapter - ControllerAdvice beans: 0 @ModelAttribute, 0 @InitBinder, 1 RequestBodyAdvice, 1 ResponseBodyAdvice
[2024-04-04 09:34:38:693107][restartedMain] DEBUG o.s.w.s.m.m.a.ExceptionHandlerExceptionResolver - ControllerAdvice beans: 0 @ExceptionHandler, 1 ResponseBodyAdvice
[2024-04-04 09:34:38:693197][http-nio-80-exec-1] INFO  o.s.web.servlet.DispatcherServlet - Initializing Servlet 'dispatcherServlet'
[2024-04-04 09:34:38:693198][http-nio-80-exec-1] DEBUG o.s.web.servlet.DispatcherServlet - Detected StandardServletMultipartResolver
[2024-04-04 09:34:38:693198][http-nio-80-exec-1] DEBUG o.s.web.servlet.DispatcherServlet - Detected AcceptHeaderLocaleResolver
[2024-04-04 09:34:38:693198][http-nio-80-exec-1] DEBUG o.s.web.servlet.DispatcherServlet - Detected FixedThemeResolver
[2024-04-04 09:34:38:693198][http-nio-80-exec-1] DEBUG o.s.web.servlet.DispatcherServlet - Detected org.springframework.web.servlet.view.DefaultRequestToViewNameTranslator@84dafce
[2024-04-04 09:34:38:693198][http-nio-80-exec-1] DEBUG o.s.web.servlet.DispatcherServlet - Detected org.springframework.web.servlet.support.SessionFlashMapManager@4b711d57
[2024-04-04 09:34:38:693198][http-nio-80-exec-1] DEBUG o.s.web.servlet.DispatcherServlet - enableLoggingRequestDetails='false': request parameters and headers will be masked to prevent unsafe logging of potentially sensitive data
[2024-04-04 09:34:38:693198][http-nio-80-exec-1] INFO  o.s.web.servlet.DispatcherServlet - Completed initialization in 0 ms
[2024-04-04 09:34:38:693201][http-nio-80-exec-1] DEBUG o.s.web.servlet.DispatcherServlet - GET "/imgs/a.jpg", parameters={}
[2024-04-04 09:34:38:693202][http-nio-80-exec-1] DEBUG o.s.w.s.h.SimpleUrlHandlerMapping - Mapped to ResourceHttpRequestHandler [URL [file:/roots/Users/yangchaeyeon/Documents/sb_thymeleaf_project/imgs]]
[2024-04-04 09:34:38:693202][http-nio-80-exec-1] DEBUG o.s.w.s.r.ResourceHttpRequestHandler - Resource not found
[2024-04-04 09:34:38:693203][http-nio-80-exec-1] DEBUG o.s.w.s.m.s.DefaultHandlerExceptionResolver - Resolved [org.springframework.web.servlet.resource.NoResourceFoundException: No static resource a.jpg.]
[2024-04-04 09:34:38:693203][http-nio-80-exec-1] DEBUG o.s.web.servlet.DispatcherServlet - Completed 404 NOT_FOUND
[2024-04-04 09:34:38:693204][http-nio-80-exec-1] DEBUG o.s.web.servlet.DispatcherServlet - "ERROR" dispatch for GET "/error", parameters={}
[2024-04-04 09:34:38:693204][http-nio-80-exec-1] DEBUG o.s.w.s.m.m.a.RequestMappingHandlerMapping - Mapped to org.springframework.boot.autoconfigure.web.servlet.error.BasicErrorController#errorHtml(HttpServletRequest, HttpServletResponse)
[2024-04-04 09:34:38:693209][http-nio-80-exec-1] DEBUG o.s.w.s.v.ContentNegotiatingViewResolver - Selected 'text/html' given [text/html, text/html;q=0.8]
[2024-04-04 09:34:38:693210][http-nio-80-exec-1] DEBUG o.s.web.servlet.DispatcherServlet - Exiting from "ERROR" dispatch, status 404
[2024-04-04 09:34:39:694330][http-nio-80-exec-5] DEBUG o.s.web.servlet.DispatcherServlet - GET "/imgs/a.jpg", parameters={}
[2024-04-04 09:34:39:694332][http-nio-80-exec-5] DEBUG o.s.w.s.h.SimpleUrlHandlerMapping - Mapped to ResourceHttpRequestHandler [URL [file:/roots/Users/yangchaeyeon/Documents/sb_thymeleaf_project/imgs]]
[2024-04-04 09:34:39:694332][http-nio-80-exec-5] DEBUG o.s.w.s.r.ResourceHttpRequestHandler - Resource not found
[2024-04-04 09:34:39:694333][http-nio-80-exec-5] DEBUG o.s.w.s.m.s.DefaultHandlerExceptionResolver - Resolved [org.springframework.web.servlet.resource.NoResourceFoundException: No static resource a.jpg.]
[2024-04-04 09:34:39:694333][http-nio-80-exec-5] DEBUG o.s.web.servlet.DispatcherServlet - Completed 404 NOT_FOUND
[2024-04-04 09:34:39:694336][http-nio-80-exec-5] DEBUG o.s.web.servlet.DispatcherServlet - "ERROR" dispatch for GET "/error", parameters={}
[2024-04-04 09:34:39:694338][http-nio-80-exec-5] DEBUG o.s.w.s.m.m.a.RequestMappingHandlerMapping - Mapped to org.springframework.boot.autoconfigure.web.servlet.error.BasicErrorController#errorHtml(HttpServletRequest, HttpServletResponse)
[2024-04-04 09:34:39:694347][http-nio-80-exec-5] DEBUG o.s.w.s.v.ContentNegotiatingViewResolver - Selected 'text/html' given [text/html, text/html;q=0.8]
[2024-04-04 09:34:39:694348][http-nio-80-exec-5] DEBUG o.s.web.servlet.DispatcherServlet - Exiting from "ERROR" dispatch, status 404
[2024-04-04 09:34:40:695085][http-nio-80-exec-6] DEBUG o.s.web.servlet.DispatcherServlet - GET "/imgs/a.jpg", parameters={}
[2024-04-04 09:34:40:695091][http-nio-80-exec-6] DEBUG o.s.w.s.h.SimpleUrlHandlerMapping - Mapped to ResourceHttpRequestHandler [URL [file:/roots/Users/yangchaeyeon/Documents/sb_thymeleaf_project/imgs]]
[2024-04-04 09:34:40:695092][http-nio-80-exec-6] DEBUG o.s.w.s.r.ResourceHttpRequestHandler - Resource not found
[2024-04-04 09:34:40:695093][http-nio-80-exec-6] DEBUG o.s.w.s.m.s.DefaultHandlerExceptionResolver - Resolved [org.springframework.web.servlet.resource.NoResourceFoundException: No static resource a.jpg.]
[2024-04-04 09:34:40:695093][http-nio-80-exec-6] DEBUG o.s.web.servlet.DispatcherServlet - Completed 404 NOT_FOUND
[2024-04-04 09:34:40:695094][http-nio-80-exec-6] DEBUG o.s.web.servlet.DispatcherServlet - "ERROR" dispatch for GET "/error", parameters={}
[2024-04-04 09:34:40:695094][http-nio-80-exec-6] DEBUG o.s.w.s.m.m.a.RequestMappingHandlerMapping - Mapped to org.springframework.boot.autoconfigure.web.servlet.error.BasicErrorController#errorHtml(HttpServletRequest, HttpServletResponse)
[2024-04-04 09:34:40:695106][http-nio-80-exec-6] DEBUG o.s.w.s.v.ContentNegotiatingViewResolver - Selected 'text/html' given [text/html, text/html;q=0.8]
[2024-04-04 09:34:40:695107][http-nio-80-exec-6] DEBUG o.s.web.servlet.DispatcherServlet - Exiting from "ERROR" dispatch, status 404
[2024-04-04 09:34:55:710300][http-nio-80-exec-4] DEBUG o.s.web.servlet.DispatcherServlet - GET "/imgs/a.jpg", parameters={}
[2024-04-04 09:34:55:710303][http-nio-80-exec-4] DEBUG o.s.w.s.h.SimpleUrlHandlerMapping - Mapped to ResourceHttpRequestHandler [URL [file:/roots/Users/yangchaeyeon/Documents/sb_thymeleaf_project/imgs]]
[2024-04-04 09:34:55:710303][http-nio-80-exec-4] DEBUG o.s.w.s.r.ResourceHttpRequestHandler - Resource not found
[2024-04-04 09:34:55:710304][http-nio-80-exec-4] DEBUG o.s.w.s.m.s.DefaultHandlerExceptionResolver - Resolved [org.springframework.web.servlet.resource.NoResourceFoundException: No static resource a.jpg.]
[2024-04-04 09:34:55:710304][http-nio-80-exec-4] DEBUG o.s.web.servlet.DispatcherServlet - Completed 404 NOT_FOUND
[2024-04-04 09:34:55:710304][http-nio-80-exec-4] DEBUG o.s.web.servlet.DispatcherServlet - "ERROR" dispatch for GET "/error", parameters={}
[2024-04-04 09:34:55:710305][http-nio-80-exec-4] DEBUG o.s.w.s.m.m.a.RequestMappingHandlerMapping - Mapped to org.springframework.boot.autoconfigure.web.servlet.error.BasicErrorController#errorHtml(HttpServletRequest, HttpServletResponse)
[2024-04-04 09:34:55:710310][http-nio-80-exec-4] DEBUG o.s.w.s.v.ContentNegotiatingViewResolver - Selected 'text/html' given [text/html, text/html;q=0.8]
[2024-04-04 09:34:55:710311][http-nio-80-exec-4] DEBUG o.s.web.servlet.DispatcherServlet - Exiting from "ERROR" dispatch, status 404
