[2024-04-04 09:36:40:814985][restartedMain] DEBUG o.s.w.s.m.m.a.RequestMappingHandlerMapping - 51 mappings in 'requestMappingHandlerMapping'
[2024-04-04 09:36:40:815002][restartedMain] DEBUG o.s.w.s.h.SimpleUrlHandlerMapping - Patterns [/webjars/**, /**, /imgs/**, /logs/**] in 'resourceHandlerMapping'
[2024-04-04 09:36:40:815005][restartedMain] DEBUG o.s.w.s.m.m.a.RequestMappingHandlerAdapter - ControllerAdvice beans: 0 @ModelAttribute, 0 @InitBinder, 1 RequestBodyAdvice, 1 ResponseBodyAdvice
[2024-04-04 09:36:40:815007][restartedMain] DEBUG o.s.w.s.m.m.a.ExceptionHandlerExceptionResolver - ControllerAdvice beans: 0 @ExceptionHandler, 1 ResponseBodyAdvice
[2024-04-04 09:36:40:815446][http-nio-80-exec-1] INFO  o.s.web.servlet.DispatcherServlet - Initializing Servlet 'dispatcherServlet'
[2024-04-04 09:36:40:815447][http-nio-80-exec-1] DEBUG o.s.web.servlet.DispatcherServlet - Detected StandardServletMultipartResolver
[2024-04-04 09:36:40:815447][http-nio-80-exec-1] DEBUG o.s.web.servlet.DispatcherServlet - Detected AcceptHeaderLocaleResolver
[2024-04-04 09:36:40:815447][http-nio-80-exec-1] DEBUG o.s.web.servlet.DispatcherServlet - Detected FixedThemeResolver
[2024-04-04 09:36:40:815448][http-nio-80-exec-1] DEBUG o.s.web.servlet.DispatcherServlet - Detected org.springframework.web.servlet.view.DefaultRequestToViewNameTranslator@24f6235e
[2024-04-04 09:36:40:815448][http-nio-80-exec-1] DEBUG o.s.web.servlet.DispatcherServlet - Detected org.springframework.web.servlet.support.SessionFlashMapManager@2a31d9b0
[2024-04-04 09:36:40:815449][http-nio-80-exec-1] DEBUG o.s.web.servlet.DispatcherServlet - enableLoggingRequestDetails='false': request parameters and headers will be masked to prevent unsafe logging of potentially sensitive data
[2024-04-04 09:36:40:815449][http-nio-80-exec-1] INFO  o.s.web.servlet.DispatcherServlet - Completed initialization in 3 ms
[2024-04-04 09:36:40:815454][http-nio-80-exec-1] DEBUG o.s.web.servlet.DispatcherServlet - GET "/imgs/a.jpg", parameters={}
[2024-04-04 09:36:40:815458][http-nio-80-exec-1] DEBUG o.s.w.s.h.SimpleUrlHandlerMapping - Mapped to ResourceHttpRequestHandler [URL [file:/Users/yangchaeyeon/Documents/sb_thymeleaf_project/imgs]]
[2024-04-04 09:36:40:815459][http-nio-80-exec-1] DEBUG o.s.w.s.r.ResourceHttpRequestHandler - Resource not found
[2024-04-04 09:36:40:815460][http-nio-80-exec-1] DEBUG o.s.w.s.m.s.DefaultHandlerExceptionResolver - Resolved [org.springframework.web.servlet.resource.NoResourceFoundException: No static resource a.jpg.]
[2024-04-04 09:36:40:815461][http-nio-80-exec-1] DEBUG o.s.web.servlet.DispatcherServlet - Completed 404 NOT_FOUND
[2024-04-04 09:36:40:815462][http-nio-80-exec-1] DEBUG o.s.web.servlet.DispatcherServlet - "ERROR" dispatch for GET "/error", parameters={}
[2024-04-04 09:36:40:815463][http-nio-80-exec-1] DEBUG o.s.w.s.m.m.a.RequestMappingHandlerMapping - Mapped to org.springframework.boot.autoconfigure.web.servlet.error.BasicErrorController#errorHtml(HttpServletRequest, HttpServletResponse)
[2024-04-04 09:36:40:815475][http-nio-80-exec-1] DEBUG o.s.w.s.v.ContentNegotiatingViewResolver - Selected 'text/html' given [text/html, text/html;q=0.8]
[2024-04-04 09:36:40:815476][http-nio-80-exec-1] DEBUG o.s.web.servlet.DispatcherServlet - Exiting from "ERROR" dispatch, status 404
[2024-04-04 09:36:41:816037][http-nio-80-exec-5] DEBUG o.s.web.servlet.DispatcherServlet - GET "/imgs/a.jpg", parameters={}
[2024-04-04 09:36:41:816038][http-nio-80-exec-5] DEBUG o.s.w.s.h.SimpleUrlHandlerMapping - Mapped to ResourceHttpRequestHandler [URL [file:/Users/yangchaeyeon/Documents/sb_thymeleaf_project/imgs]]
[2024-04-04 09:36:41:816038][http-nio-80-exec-5] DEBUG o.s.w.s.r.ResourceHttpRequestHandler - Resource not found
[2024-04-04 09:36:41:816038][http-nio-80-exec-5] DEBUG o.s.w.s.m.s.DefaultHandlerExceptionResolver - Resolved [org.springframework.web.servlet.resource.NoResourceFoundException: No static resource a.jpg.]
[2024-04-04 09:36:41:816039][http-nio-80-exec-5] DEBUG o.s.web.servlet.DispatcherServlet - Completed 404 NOT_FOUND
[2024-04-04 09:36:41:816040][http-nio-80-exec-5] DEBUG o.s.web.servlet.DispatcherServlet - "ERROR" dispatch for GET "/error", parameters={}
[2024-04-04 09:36:41:816040][http-nio-80-exec-5] DEBUG o.s.w.s.m.m.a.RequestMappingHandlerMapping - Mapped to org.springframework.boot.autoconfigure.web.servlet.error.BasicErrorController#errorHtml(HttpServletRequest, HttpServletResponse)
[2024-04-04 09:36:41:816044][http-nio-80-exec-5] DEBUG o.s.w.s.v.ContentNegotiatingViewResolver - Selected 'text/html' given [text/html, text/html;q=0.8]
[2024-04-04 09:36:41:816045][http-nio-80-exec-5] DEBUG o.s.web.servlet.DispatcherServlet - Exiting from "ERROR" dispatch, status 404
[2024-04-04 09:36:42:816833][http-nio-80-exec-3] DEBUG o.s.web.servlet.DispatcherServlet - GET "/imgs/a.jpg", parameters={}
[2024-04-04 09:36:42:816841][http-nio-80-exec-3] DEBUG o.s.w.s.h.SimpleUrlHandlerMapping - Mapped to ResourceHttpRequestHandler [URL [file:/Users/yangchaeyeon/Documents/sb_thymeleaf_project/imgs]]
[2024-04-04 09:36:42:816841][http-nio-80-exec-3] DEBUG o.s.w.s.r.ResourceHttpRequestHandler - Resource not found
[2024-04-04 09:36:42:816842][http-nio-80-exec-3] DEBUG o.s.w.s.m.s.DefaultHandlerExceptionResolver - Resolved [org.springframework.web.servlet.resource.NoResourceFoundException: No static resource a.jpg.]
[2024-04-04 09:36:42:816842][http-nio-80-exec-3] DEBUG o.s.web.servlet.DispatcherServlet - Completed 404 NOT_FOUND
[2024-04-04 09:36:42:816844][http-nio-80-exec-3] DEBUG o.s.web.servlet.DispatcherServlet - "ERROR" dispatch for GET "/error", parameters={}
[2024-04-04 09:36:42:816846][http-nio-80-exec-3] DEBUG o.s.w.s.m.m.a.RequestMappingHandlerMapping - Mapped to org.springframework.boot.autoconfigure.web.servlet.error.BasicErrorController#errorHtml(HttpServletRequest, HttpServletResponse)
[2024-04-04 09:36:42:816856][http-nio-80-exec-3] DEBUG o.s.w.s.v.ContentNegotiatingViewResolver - Selected 'text/html' given [text/html, text/html;q=0.8]
[2024-04-04 09:36:42:816856][http-nio-80-exec-3] DEBUG o.s.web.servlet.DispatcherServlet - Exiting from "ERROR" dispatch, status 404
[2024-04-04 09:37:31:2644][restartedMain] DEBUG o.s.w.s.m.m.a.RequestMappingHandlerMapping - 51 mappings in 'requestMappingHandlerMapping'
[2024-04-04 09:37:31:2714][restartedMain] DEBUG o.s.w.s.h.SimpleUrlHandlerMapping - Patterns [/webjars/**, /**, /imgs/**, /logs/**] in 'resourceHandlerMapping'
[2024-04-04 09:37:31:2730][restartedMain] DEBUG o.s.w.s.m.m.a.RequestMappingHandlerAdapter - ControllerAdvice beans: 0 @ModelAttribute, 0 @InitBinder, 1 RequestBodyAdvice, 1 ResponseBodyAdvice
[2024-04-04 09:37:31:2747][restartedMain] DEBUG o.s.w.s.m.m.a.ExceptionHandlerExceptionResolver - ControllerAdvice beans: 0 @ExceptionHandler, 1 ResponseBodyAdvice
[2024-04-04 09:37:34:5595][http-nio-80-exec-1] INFO  o.s.web.servlet.DispatcherServlet - Initializing Servlet 'dispatcherServlet'
[2024-04-04 09:37:34:5595][http-nio-80-exec-1] DEBUG o.s.web.servlet.DispatcherServlet - Detected StandardServletMultipartResolver
[2024-04-04 09:37:34:5595][http-nio-80-exec-1] DEBUG o.s.web.servlet.DispatcherServlet - Detected AcceptHeaderLocaleResolver
[2024-04-04 09:37:34:5595][http-nio-80-exec-1] DEBUG o.s.web.servlet.DispatcherServlet - Detected FixedThemeResolver
[2024-04-04 09:37:34:5597][http-nio-80-exec-1] DEBUG o.s.web.servlet.DispatcherServlet - Detected org.springframework.web.servlet.view.DefaultRequestToViewNameTranslator@3b1a994b
[2024-04-04 09:37:34:5599][http-nio-80-exec-1] DEBUG o.s.web.servlet.DispatcherServlet - Detected org.springframework.web.servlet.support.SessionFlashMapManager@25622e84
[2024-04-04 09:37:34:5600][http-nio-80-exec-1] DEBUG o.s.web.servlet.DispatcherServlet - enableLoggingRequestDetails='false': request parameters and headers will be masked to prevent unsafe logging of potentially sensitive data
[2024-04-04 09:37:34:5601][http-nio-80-exec-1] INFO  o.s.web.servlet.DispatcherServlet - Completed initialization in 6 ms
[2024-04-04 09:37:34:5614][http-nio-80-exec-1] DEBUG o.s.web.servlet.DispatcherServlet - GET "/imgs/a.jpg", parameters={}
[2024-04-04 09:37:34:5628][http-nio-80-exec-1] DEBUG o.s.w.s.h.SimpleUrlHandlerMapping - Mapped to ResourceHttpRequestHandler [URL [file:/Users/yangchaeyeon/Documents/sb_thymeleaf_project/imgs]]
[2024-04-04 09:37:34:5636][http-nio-80-exec-1] DEBUG o.s.w.s.r.ResourceHttpRequestHandler - Resource not found
[2024-04-04 09:37:34:5641][http-nio-80-exec-1] DEBUG o.s.w.s.m.s.DefaultHandlerExceptionResolver - Resolved [org.springframework.web.servlet.resource.NoResourceFoundException: No static resource a.jpg.]
[2024-04-04 09:37:34:5642][http-nio-80-exec-1] DEBUG o.s.web.servlet.DispatcherServlet - Completed 404 NOT_FOUND
[2024-04-04 09:37:34:5646][http-nio-80-exec-1] DEBUG o.s.web.servlet.DispatcherServlet - "ERROR" dispatch for GET "/error", parameters={}
[2024-04-04 09:37:34:5649][http-nio-80-exec-1] DEBUG o.s.w.s.m.m.a.RequestMappingHandlerMapping - Mapped to org.springframework.boot.autoconfigure.web.servlet.error.BasicErrorController#errorHtml(HttpServletRequest, HttpServletResponse)
[2024-04-04 09:37:34:5672][http-nio-80-exec-1] DEBUG o.s.w.s.v.ContentNegotiatingViewResolver - Selected 'text/html' given [text/html, text/html;q=0.8]
[2024-04-04 09:37:34:5679][http-nio-80-exec-1] DEBUG o.s.web.servlet.DispatcherServlet - Exiting from "ERROR" dispatch, status 404
